<?xml version="1.0" encoding="UTF-8"?>
<testng-results ignored="0" total="10" passed="9" failed="1" skipped="0">
  <reporter-output>
  </reporter-output>
  <suite started-at="2025-07-22T14:19:48 IST" name="Default suite" finished-at="2025-07-22T14:20:08 IST" duration-ms="19849">
    <groups>
    </groups>
    <test started-at="2025-07-22T14:19:48 IST" name="Default test" finished-at="2025-07-22T14:20:08 IST" duration-ms="19849">
      <class name="telecomProject.Telecom">
        <test-method is-config="true" signature="setupExtent()[pri:0, instance:telecomProject.Telecom@5fe94a96]" started-at="2025-07-22T14:19:48 IST" name="setupExtent" finished-at="2025-07-22T14:19:48 IST" duration-ms="209" status="PASS">
          <reporter-output>
          </reporter-output>
        </test-method> <!-- setupExtent -->
        <test-method signature="addNewUser()[pri:1, instance:telecomProject.Telecom@5fe94a96]" started-at="2025-07-22T14:19:48 IST" name="addNewUser" finished-at="2025-07-22T14:19:55 IST" duration-ms="6614" status="PASS">
          <reporter-output>
          </reporter-output>
        </test-method> <!-- addNewUser -->
        <test-method is-config="true" signature="logTestResults(org.testng.ITestResult)[pri:0, instance:telecomProject.Telecom@5fe94a96]" started-at="2025-07-22T14:19:55 IST" name="logTestResults" finished-at="2025-07-22T14:19:55 IST" duration-ms="8" status="PASS">
          <params>
            <param index="0">
              <value>
                <![CDATA[[TestResult name=addNewUser status=SUCCESS method=Telecom.addNewUser()[pri:1, instance:telecomProject.Telecom@5fe94a96] output={null}]]]>
              </value>
            </param>
          </params>
          <reporter-output>
          </reporter-output>
        </test-method> <!-- logTestResults -->
        <test-method signature="getUserProfile()[pri:2, instance:telecomProject.Telecom@5fe94a96]" started-at="2025-07-22T14:19:55 IST" name="getUserProfile" finished-at="2025-07-22T14:19:56 IST" duration-ms="1489" status="PASS">
          <reporter-output>
          </reporter-output>
        </test-method> <!-- getUserProfile -->
        <test-method is-config="true" signature="logTestResults(org.testng.ITestResult)[pri:0, instance:telecomProject.Telecom@5fe94a96]" started-at="2025-07-22T14:19:56 IST" name="logTestResults" finished-at="2025-07-22T14:19:56 IST" duration-ms="1" status="PASS">
          <params>
            <param index="0">
              <value>
                <![CDATA[[TestResult name=getUserProfile status=SUCCESS method=Telecom.getUserProfile()[pri:2, instance:telecomProject.Telecom@5fe94a96] output={null}]]]>
              </value>
            </param>
          </params>
          <reporter-output>
          </reporter-output>
        </test-method> <!-- logTestResults -->
        <test-method signature="updateUser()[pri:3, instance:telecomProject.Telecom@5fe94a96]" started-at="2025-07-22T14:19:56 IST" name="updateUser" finished-at="2025-07-22T14:19:58 IST" duration-ms="1448" status="FAIL">
          <exception class="java.lang.AssertionError">
            <message>
              <![CDATA[expected [200] but found [400]]]>
            </message>
            <full-stacktrace>
              <![CDATA[java.lang.AssertionError: expected [200] but found [400]
at org.testng.Assert.fail(Assert.java:110)
at org.testng.Assert.failNotEquals(Assert.java:1413)
at org.testng.Assert.assertEqualsImpl(Assert.java:149)
at org.testng.Assert.assertEquals(Assert.java:131)
at org.testng.Assert.assertEquals(Assert.java:1240)
at org.testng.Assert.assertEquals(Assert.java:1274)
at telecomProject.Telecom.updateUser(Telecom.java:105)
at java.base/jdk.internal.reflect.DirectMethodHandleAccessor.invoke(DirectMethodHandleAccessor.java:103)
at java.base/java.lang.reflect.Method.invoke(Method.java:580)
at org.testng.internal.invokers.MethodInvocationHelper.invokeMethod(MethodInvocationHelper.java:139)
at org.testng.internal.invokers.TestInvoker.invokeMethod(TestInvoker.java:677)
at org.testng.internal.invokers.TestInvoker.invokeTestMethod(TestInvoker.java:221)
at org.testng.internal.invokers.MethodRunner.runInSequence(MethodRunner.java:50)
at org.testng.internal.invokers.TestInvoker$MethodInvocationAgent.invoke(TestInvoker.java:969)
at org.testng.internal.invokers.TestInvoker.invokeTestMethods(TestInvoker.java:194)
at org.testng.internal.invokers.TestMethodWorker.invokeTestMethods(TestMethodWorker.java:148)
at org.testng.internal.invokers.TestMethodWorker.run(TestMethodWorker.java:128)
at java.base/java.util.ArrayList.forEach(ArrayList.java:1596)
at org.testng.TestRunner.privateRun(TestRunner.java:829)
at org.testng.TestRunner.run(TestRunner.java:602)
at org.testng.SuiteRunner.runTest(SuiteRunner.java:437)
at org.testng.SuiteRunner.runSequentially(SuiteRunner.java:431)
at org.testng.SuiteRunner.privateRun(SuiteRunner.java:391)
at org.testng.SuiteRunner.run(SuiteRunner.java:330)
at org.testng.SuiteRunnerWorker.runSuite(SuiteRunnerWorker.java:52)
at org.testng.SuiteRunnerWorker.run(SuiteRunnerWorker.java:95)
at org.testng.TestNG.runSuitesSequentially(TestNG.java:1256)
at org.testng.TestNG.runSuitesLocally(TestNG.java:1176)
at org.testng.TestNG.runSuites(TestNG.java:1099)
at org.testng.TestNG.run(TestNG.java:1067)
at org.testng.remote.AbstractRemoteTestNG.run(AbstractRemoteTestNG.java:115)
at org.testng.remote.RemoteTestNG.initAndRun(RemoteTestNG.java:293)
at org.testng.remote.RemoteTestNG.main(RemoteTestNG.java:91)
]]>
            </full-stacktrace>
          </exception> <!-- java.lang.AssertionError -->
          <reporter-output>
          </reporter-output>
        </test-method> <!-- updateUser -->
        <test-method is-config="true" signature="logTestResults(org.testng.ITestResult)[pri:0, instance:telecomProject.Telecom@5fe94a96]" started-at="2025-07-22T14:19:58 IST" name="logTestResults" finished-at="2025-07-22T14:19:58 IST" duration-ms="1" status="PASS">
          <params>
            <param index="0">
              <value>
                <![CDATA[[TestResult name=updateUser status=FAILURE method=Telecom.updateUser()[pri:3, instance:telecomProject.Telecom@5fe94a96] output={null}]]]>
              </value>
            </param>
          </params>
          <reporter-output>
          </reporter-output>
        </test-method> <!-- logTestResults -->
        <test-method signature="loginUser()[pri:4, instance:telecomProject.Telecom@5fe94a96]" started-at="2025-07-22T14:19:58 IST" name="loginUser" finished-at="2025-07-22T14:19:59 IST" duration-ms="1373" status="PASS">
          <reporter-output>
          </reporter-output>
        </test-method> <!-- loginUser -->
        <test-method is-config="true" signature="logTestResults(org.testng.ITestResult)[pri:0, instance:telecomProject.Telecom@5fe94a96]" started-at="2025-07-22T14:19:59 IST" name="logTestResults" finished-at="2025-07-22T14:19:59 IST" duration-ms="1" status="PASS">
          <params>
            <param index="0">
              <value>
                <![CDATA[[TestResult name=loginUser status=SUCCESS method=Telecom.loginUser()[pri:4, instance:telecomProject.Telecom@5fe94a96] output={null}]]]>
              </value>
            </param>
          </params>
          <reporter-output>
          </reporter-output>
        </test-method> <!-- logTestResults -->
        <test-method signature="addContact()[pri:5, instance:telecomProject.Telecom@5fe94a96]" started-at="2025-07-22T14:19:59 IST" name="addContact" finished-at="2025-07-22T14:20:01 IST" duration-ms="1406" status="PASS">
          <reporter-output>
          </reporter-output>
        </test-method> <!-- addContact -->
        <test-method is-config="true" signature="logTestResults(org.testng.ITestResult)[pri:0, instance:telecomProject.Telecom@5fe94a96]" started-at="2025-07-22T14:20:01 IST" name="logTestResults" finished-at="2025-07-22T14:20:01 IST" duration-ms="1" status="PASS">
          <params>
            <param index="0">
              <value>
                <![CDATA[[TestResult name=addContact status=SUCCESS method=Telecom.addContact()[pri:5, instance:telecomProject.Telecom@5fe94a96] output={null}]]]>
              </value>
            </param>
          </params>
          <reporter-output>
          </reporter-output>
        </test-method> <!-- logTestResults -->
        <test-method signature="getContactList()[pri:6, instance:telecomProject.Telecom@5fe94a96]" started-at="2025-07-22T14:20:01 IST" name="getContactList" finished-at="2025-07-22T14:20:02 IST" duration-ms="1498" status="PASS">
          <reporter-output>
          </reporter-output>
        </test-method> <!-- getContactList -->
        <test-method is-config="true" signature="logTestResults(org.testng.ITestResult)[pri:0, instance:telecomProject.Telecom@5fe94a96]" started-at="2025-07-22T14:20:02 IST" name="logTestResults" finished-at="2025-07-22T14:20:02 IST" duration-ms="2" status="PASS">
          <params>
            <param index="0">
              <value>
                <![CDATA[[TestResult name=getContactList status=SUCCESS method=Telecom.getContactList()[pri:6, instance:telecomProject.Telecom@5fe94a96] output={null}]]]>
              </value>
            </param>
          </params>
          <reporter-output>
          </reporter-output>
        </test-method> <!-- logTestResults -->
        <test-method signature="getContact()[pri:7, instance:telecomProject.Telecom@5fe94a96]" started-at="2025-07-22T14:20:02 IST" name="getContact" finished-at="2025-07-22T14:20:03 IST" duration-ms="1407" status="PASS">
          <reporter-output>
          </reporter-output>
        </test-method> <!-- getContact -->
        <test-method is-config="true" signature="logTestResults(org.testng.ITestResult)[pri:0, instance:telecomProject.Telecom@5fe94a96]" started-at="2025-07-22T14:20:03 IST" name="logTestResults" finished-at="2025-07-22T14:20:03 IST" duration-ms="1" status="PASS">
          <params>
            <param index="0">
              <value>
                <![CDATA[[TestResult name=getContact status=SUCCESS method=Telecom.getContact()[pri:7, instance:telecomProject.Telecom@5fe94a96] output={null}]]]>
              </value>
            </param>
          </params>
          <reporter-output>
          </reporter-output>
        </test-method> <!-- logTestResults -->
        <test-method signature="updateContact()[pri:8, instance:telecomProject.Telecom@5fe94a96]" started-at="2025-07-22T14:20:03 IST" name="updateContact" finished-at="2025-07-22T14:20:05 IST" duration-ms="1721" status="PASS">
          <reporter-output>
          </reporter-output>
        </test-method> <!-- updateContact -->
        <test-method is-config="true" signature="logTestResults(org.testng.ITestResult)[pri:0, instance:telecomProject.Telecom@5fe94a96]" started-at="2025-07-22T14:20:05 IST" name="logTestResults" finished-at="2025-07-22T14:20:05 IST" duration-ms="0" status="PASS">
          <params>
            <param index="0">
              <value>
                <![CDATA[[TestResult name=updateContact status=SUCCESS method=Telecom.updateContact()[pri:8, instance:telecomProject.Telecom@5fe94a96] output={null}]]]>
              </value>
            </param>
          </params>
          <reporter-output>
          </reporter-output>
        </test-method> <!-- logTestResults -->
        <test-method signature="updateContactPartial()[pri:9, instance:telecomProject.Telecom@5fe94a96]" started-at="2025-07-22T14:20:05 IST" name="updateContactPartial" finished-at="2025-07-22T14:20:07 IST" duration-ms="1435" status="PASS">
          <reporter-output>
          </reporter-output>
        </test-method> <!-- updateContactPartial -->
        <test-method is-config="true" signature="logTestResults(org.testng.ITestResult)[pri:0, instance:telecomProject.Telecom@5fe94a96]" started-at="2025-07-22T14:20:07 IST" name="logTestResults" finished-at="2025-07-22T14:20:07 IST" duration-ms="1" status="PASS">
          <params>
            <param index="0">
              <value>
                <![CDATA[[TestResult name=updateContactPartial status=SUCCESS method=Telecom.updateContactPartial()[pri:9, instance:telecomProject.Telecom@5fe94a96] output={null}]]]>
              </value>
            </param>
          </params>
          <reporter-output>
          </reporter-output>
        </test-method> <!-- logTestResults -->
        <test-method signature="logoutUser()[pri:10, instance:telecomProject.Telecom@5fe94a96]" started-at="2025-07-22T14:20:07 IST" name="logoutUser" finished-at="2025-07-22T14:20:08 IST" duration-ms="1380" status="PASS">
          <reporter-output>
          </reporter-output>
        </test-method> <!-- logoutUser -->
        <test-method is-config="true" signature="logTestResults(org.testng.ITestResult)[pri:0, instance:telecomProject.Telecom@5fe94a96]" started-at="2025-07-22T14:20:08 IST" name="logTestResults" finished-at="2025-07-22T14:20:08 IST" duration-ms="0" status="PASS">
          <params>
            <param index="0">
              <value>
                <![CDATA[[TestResult name=logoutUser status=SUCCESS method=Telecom.logoutUser()[pri:10, instance:telecomProject.Telecom@5fe94a96] output={null}]]]>
              </value>
            </param>
          </params>
          <reporter-output>
          </reporter-output>
        </test-method> <!-- logTestResults -->
        <test-method is-config="true" signature="tearDown()[pri:0, instance:telecomProject.Telecom@5fe94a96]" started-at="2025-07-22T14:20:08 IST" name="tearDown" finished-at="2025-07-22T14:20:09 IST" duration-ms="551" status="PASS">
          <reporter-output>
          </reporter-output>
        </test-method> <!-- tearDown -->
      </class> <!-- telecomProject.Telecom -->
    </test> <!-- Default test -->
  </suite> <!-- Default suite -->
</testng-results>
